<?xml version="1.0" encoding="UTF-8"?>
<!-- Generated by org.testng.reporters.JUnitReportReporter -->
<testsuite hostname="DESKTOP-UOULK0I" failures="0" tests="1" name="testScripts.TruepowerTest" time="33.483" errors="0" timestamp="2024-09-30T17:28:59 IST" skipped="0">
  <testcase classname="testScripts.TruepowerTest" name="truepower" time="33.483"/>
</testsuite> <!-- testScripts.TruepowerTest -->
